Log file open, 01/06/20 00:09:00
LogWindows: Failed to load 'aqProf.dll' (GetLastError=126)
LogWindows: File 'aqProf.dll' does not exist
LogWindows: Failed to load 'VtuneApi.dll' (GetLastError=126)
LogWindows: File 'VtuneApi.dll' does not exist
LogWindows: Failed to load 'VtuneApi32e.dll' (GetLastError=126)
LogWindows: File 'VtuneApi32e.dll' does not exist
LogConsoleResponse: Display: Failed to find resolution value strings in scalability ini. Falling back to default.
LogInit: Display: Running engine for game: FirstW
LogPlatformFile: Not using cached read wrapper
LogTaskGraph: Started task graph with 5 named threads and 47 total threads with 3 sets of task threads.
LogStats: Stats thread started at 0.122526
LogD3D11RHI: Loaded GFSDK_Aftermath_Lib.x64.dll
LogICUInternationalization: ICU TimeZone Detection - Raw Offset: +3:00, Platform Override: ''
LogPluginManager: Mounting plugin Paper2D
LogPluginManager: Mounting plugin AISupport
LogPluginManager: Mounting plugin LightPropagationVolume
LogPluginManager: Mounting plugin ActorLayerUtilities
LogPluginManager: Mounting plugin AnimationSharing
LogPluginManager: Mounting plugin CLionSourceCodeAccess
LogPluginManager: Mounting plugin CodeLiteSourceCodeAccess
LogPluginManager: Mounting plugin GitSourceControl
LogPluginManager: Mounting plugin KDevelopSourceCodeAccess
LogPluginManager: Mounting plugin NullSourceCodeAccess
LogPluginManager: Mounting plugin PerforceSourceControl
LogPluginManager: Mounting plugin PlasticSourceControl
LogPluginManager: Mounting plugin SubversionSourceControl
LogPluginManager: Mounting plugin UObjectPlugin
LogPluginManager: Mounting plugin VisualStudioCodeSourceCodeAccess
LogPluginManager: Mounting plugin VisualStudioSourceCodeAccess
LogPluginManager: Mounting plugin XCodeSourceCodeAccess
LogPluginManager: Mounting plugin AssetManagerEditor
LogPluginManager: Mounting plugin CryptoKeys
LogPluginManager: Mounting plugin CurveEditorTools
LogPluginManager: Mounting plugin DataValidation
LogPluginManager: Mounting plugin FacialAnimation
LogPluginManager: Mounting plugin GameplayTagsEditor
LogPluginManager: Mounting plugin MacGraphicsSwitching
LogPluginManager: Mounting plugin MaterialAnalyzer
LogPluginManager: Mounting plugin MobileLauncherProfileWizard
LogPluginManager: Mounting plugin PluginBrowser
LogPluginManager: Mounting plugin SpeedTreeImporter
LogPluginManager: Mounting plugin DatasmithContent
LogPluginManager: Mounting plugin VariantManagerContent
LogPluginManager: Mounting plugin AlembicImporter
LogPluginManager: Mounting plugin AutomationUtils
LogPluginManager: Mounting plugin BackChannel
LogPluginManager: Mounting plugin CharacterAI
LogPluginManager: Mounting plugin GeometryCache
LogPluginManager: Mounting plugin PlatformCrypto
LogPluginManager: Mounting plugin ProxyLODPlugin
LogPluginManager: Mounting plugin SkeletalReduction
LogPluginManager: Mounting plugin MagicLeap
LogPluginManager: Mounting plugin MagicLeapMedia
LogPluginManager: Mounting plugin MLSDK
LogPluginManager: Mounting plugin AndroidMedia
LogPluginManager: Mounting plugin AvfMedia
LogPluginManager: Mounting plugin ImgMedia
LogPluginManager: Mounting plugin MediaCompositing
LogPluginManager: Mounting plugin MediaPlayerEditor
LogPluginManager: Mounting plugin WebMMedia
LogPluginManager: Mounting plugin WmfMedia
LogPluginManager: Mounting plugin TcpMessaging
LogPluginManager: Mounting plugin UdpMessaging
LogPluginManager: Mounting plugin ActorSequence
LogPluginManager: Mounting plugin LevelSequenceEditor
LogPluginManager: Mounting plugin MatineeToLevelSequence
LogPluginManager: Mounting plugin NetcodeUnitTest
LogPluginManager: Mounting plugin NUTUnrealEngine4
LogPluginManager: Mounting plugin OnlineSubsystemGooglePlay
LogPluginManager: Mounting plugin OnlineSubsystemIOS
LogPluginManager: Mounting plugin OnlineSubsystem
LogPluginManager: Mounting plugin OnlineSubsystemNull
LogPluginManager: Mounting plugin OnlineSubsystemUtils
LogPluginManager: Mounting plugin LauncherChunkInstaller
LogPluginManager: Mounting plugin AndroidDeviceProfileSelector
LogPluginManager: Mounting plugin AndroidMoviePlayer
LogPluginManager: Mounting plugin AndroidPermission
LogPluginManager: Mounting plugin AppleImageUtils
LogPluginManager: Mounting plugin AppleMoviePlayer
LogPluginManager: Mounting plugin ArchVisCharacter
LogPluginManager: Mounting plugin AssetTags
LogPluginManager: Mounting plugin AudioCapture
LogPluginManager: Mounting plugin CableComponent
LogPluginManager: Mounting plugin CustomMeshComponent
LogPluginManager: Mounting plugin EditableMesh
LogPluginManager: Mounting plugin ExampleDeviceProfileSelector
LogPluginManager: Mounting plugin GoogleCloudMessaging
LogPluginManager: Mounting plugin IOSDeviceProfileSelector
LogPluginManager: Mounting plugin LinuxDeviceProfileSelector
LogPluginManager: Mounting plugin LocationServicesBPLibrary
LogPluginManager: Mounting plugin MobilePatchingUtils
LogPluginManager: Mounting plugin OculusVR
LogPluginManager: Mounting plugin PhysXVehicles
LogPluginManager: Mounting plugin PostSplashScreen
LogPluginManager: Mounting plugin ProceduralMeshComponent
LogPluginManager: Mounting plugin RuntimePhysXCooking
LogPluginManager: Mounting plugin SignificanceManager
LogPluginManager: Mounting plugin SteamVR
LogPluginManager: Mounting plugin WebMMoviePlayer
LogPluginManager: Mounting plugin WindowsMoviePlayer
LogPluginManager: Mounting plugin ScreenshotTools
LogInit: Using libcurl 7.55.1-DEV
LogInit:  - built for x86_64-pc-win32
LogInit:  - supports SSL with OpenSSL/1.1.1
LogInit:  - supports HTTP deflate (compression) using libz 1.2.8
LogInit:  - other features:
LogInit:      CURL_VERSION_SSL
LogInit:      CURL_VERSION_LIBZ
LogInit:      CURL_VERSION_IPV6
LogInit:      CURL_VERSION_ASYNCHDNS
LogInit:      CURL_VERSION_LARGEFILE
LogInit:      CURL_VERSION_IDN
LogInit:  CurlRequestOptions (configurable via config and command line):
LogInit:  - bVerifyPeer = true  - Libcurl will verify peer certificate
LogInit:  - bUseHttpProxy = false  - Libcurl will NOT use HTTP proxy
LogInit:  - bDontReuseConnections = false  - Libcurl will reuse connections
LogInit:  - MaxHostConnections = 16  - Libcurl will limit the number of connections to a host
LogInit:  - LocalHostAddr = Default
LogInit:  - BufferSize = 65536
LogOnline: OSS: Creating online subsystem instance for: NULL
LogInit: WinSock: version 1.1 (2.2), MaxSocks=32767, MaxUdp=65467
LogOnline: OSS: TryLoadSubsystemAndSetDefault: Loaded subsystem for module [NULL]
LogInit: Build: ++UE4+Release-4.24-CL-10757647
LogInit: Engine Version: 4.24.1-10757647+++UE4+Release-4.24
LogInit: Compatible Engine Version: 4.24.0-10570792+++UE4+Release-4.24
LogInit: Net CL: 10570792
LogInit: OS: Windows 10 (Release 1903) (), CPU:        Intel(R) Xeon(R) CPU E5-2470 0 @ 2.30GHz, GPU: NVIDIA GeForce GTX 960
LogInit: Compiled (64-bit): Dec 17 2019 02:08:03
LogInit: Compiled with Visual C++: 19.16.27032.01
LogInit: Build Configuration: Development
LogInit: Branch Name: ++UE4+Release-4.24
LogInit: Command Line: 
LogInit: Base Directory: F:/UE/UE_4.24/Engine/Binaries/Win64/
LogInit: Installed Engine Build: 1
LogDevObjectVersion: Number of dev versions registered: 25
LogDevObjectVersion:   Dev-Blueprints (B0D832E4-1F89-4F0D-ACCF-7EB736FD4AA2): 10
LogDevObjectVersion:   Dev-Build (E1C64328-A22C-4D53-A36C-8E866417BD8C): 0
LogDevObjectVersion:   Dev-Core (375EC13C-06E4-48FB-B500-84F0262A717E): 3
LogDevObjectVersion:   Dev-Editor (E4B068ED-F494-42E9-A231-DA0B2E46BB41): 37
LogDevObjectVersion:   Dev-Framework (CFFC743F-43B0-4480-9391-14DF171D2073): 36
LogDevObjectVersion:   Dev-Mobile (B02B49B5-BB20-44E9-A304-32B752E40360): 2
LogDevObjectVersion:   Dev-Networking (A4E4105C-59A1-49B5-A7C5-40C4547EDFEE): 0
LogDevObjectVersion:   Dev-Online (39C831C9-5AE6-47DC-9A44-9C173E1C8E7C): 0
LogDevObjectVersion:   Dev-Physics (78F01B33-EBEA-4F98-B9B4-84EACCB95AA2): 2
LogDevObjectVersion:   Dev-Platform (6631380F-2D4D-43E0-8009-CF276956A95A): 0
LogDevObjectVersion:   Dev-Rendering (12F88B9F-8875-4AFC-A67C-D90C383ABD29): 36
LogDevObjectVersion:   Dev-Sequencer (7B5AE74C-D270-4C10-A958-57980B212A5A): 11
LogDevObjectVersion:   Dev-VR (D7296918-1DD6-4BDD-9DE2-64A83CC13884): 2
LogDevObjectVersion:   Dev-LoadTimes (C2A15278-BFE7-4AFE-6C17-90FF531DF755): 1
LogDevObjectVersion:   Private-Geometry (6EACA3D4-40EC-4CC1-B786-8BED09428FC5): 3
LogDevObjectVersion:   Dev-AnimPhys (29E575DD-E0A3-4627-9D10-D276232CDCEA): 17
LogDevObjectVersion:   Dev-Anim (AF43A65D-7FD3-4947-9873-3E8ED9C1BB05): 2
LogDevObjectVersion:   Dev-ReflectionCapture (6B266CEC-1EC7-4B8F-A30B-E4D90942FC07): 1
LogDevObjectVersion:   Dev-Automation (0DF73D61-A23F-47EA-B727-89E90C41499A): 1
LogDevObjectVersion:   FortniteMain (601D1886-AC64-4F84-AA16-D3DE0DEAC7D6): 31
LogDevObjectVersion:   Dev-Enterprise (9DFFBCD6-494F-0158-E221-12823C92A888): 8
LogDevObjectVersion:   Dev-Niagara (F2AED0AC-9AFE-416F-8664-AA7FFA26D6FC): 1
LogDevObjectVersion:   Dev-Destruction (174F1F0B-B4C6-45A5-B13F-2EE8D0FB917D): 9
LogDevObjectVersion:   Dev-Physics-Ext (35F94A83-E258-406C-A318-09F59610247C): 8
LogDevObjectVersion:   Dev-CineCamera (B2E18506-4273-CFC2-A54E-F4BB758BBA07): 1
LogInit: Presizing for max 25165824 objects, including 0 objects not considered by GC, pre-allocating 0 bytes for permanent pool.
LogInit: Object subsystem initialized
LogConfig: Setting CVar [[con.DebugEarlyDefault:1]]
LogConfig: Setting CVar [[r.setres:1280x720]]
[2020.01.05-21.09.00:755][  0]LogConfig: Setting CVar [[r.VSync:0]]
[2020.01.05-21.09.00:755][  0]LogConfig: Setting CVar [[r.RHICmdBypass:0]]
[2020.01.05-21.09.00:755][  0]LogConfig: Applying CVar settings from Section [/Script/Engine.RendererSettings] File [C:/Users/proff/Documents/Unreal Projects/FirstW/Saved/Config/Windows/Engine.ini]
[2020.01.05-21.09.00:755][  0]LogConfig: Setting CVar [[r.GPUCrashDebugging:0]]
[2020.01.05-21.09.00:755][  0]LogConfig: Setting CVar [[r.MobileHDR:1]]
[2020.01.05-21.09.00:755][  0]LogConfig: Setting CVar [[r.Mobile.DisableVertexFog:1]]
[2020.01.05-21.09.00:755][  0]LogConfig: Setting CVar [[r.Shadow.CSM.MaxMobileCascades:2]]
[2020.01.05-21.09.00:755][  0]LogConfig: Setting CVar [[r.MobileMSAA:1]]
[2020.01.05-21.09.00:755][  0]LogConfig: Setting CVar [[r.Mobile.UseLegacyShadingModel:0]]
[2020.01.05-21.09.00:755][  0]LogConfig: Setting CVar [[r.Mobile.UseHWsRGBEncoding:0]]
[2020.01.05-21.09.00:755][  0]LogConfig: Setting CVar [[r.Mobile.AllowDitheredLODTransition:0]]
[2020.01.05-21.09.00:755][  0]LogConfig: Setting CVar [[r.Mobile.AllowSoftwareOcclusion:0]]
[2020.01.05-21.09.00:755][  0]LogConfig: Setting CVar [[r.DiscardUnusedQuality:0]]
[2020.01.05-21.09.00:755][  0]LogConfig: Setting CVar [[r.AllowOcclusionQueries:1]]
[2020.01.05-21.09.00:755][  0]LogConfig: Setting CVar [[r.MinScreenRadiusForLights:0.030000]]
[2020.01.05-21.09.00:755][  0]LogConfig: Setting CVar [[r.MinScreenRadiusForDepthPrepass:0.030000]]
[2020.01.05-21.09.00:755][  0]LogConfig: Setting CVar [[r.MinScreenRadiusForCSMDepth:0.010000]]
[2020.01.05-21.09.00:756][  0]LogConfig: Setting CVar [[r.PrecomputedVisibilityWarning:0]]
[2020.01.05-21.09.00:756][  0]LogConfig: Setting CVar [[r.TextureStreaming:1]]
[2020.01.05-21.09.00:756][  0]LogConfig: Setting CVar [[Compat.UseDXT5NormalMaps:0]]
[2020.01.05-21.09.00:756][  0]LogConfig: Setting CVar [[r.VirtualTextures:0]]
[2020.01.05-21.09.00:756][  0]LogConfig: Setting CVar [[r.VirtualTexturedLightmaps:0]]
[2020.01.05-21.09.00:756][  0]LogConfig: Setting CVar [[r.VT.TileSize:128]]
[2020.01.05-21.09.00:756][  0]LogConfig: Setting CVar [[r.VT.TileBorderSize:4]]
[2020.01.05-21.09.00:756][  0]LogConfig: Setting CVar [[r.vt.FeedbackFactor:16]]
[2020.01.05-21.09.00:756][  0]LogConfig: Setting CVar [[r.VT.EnableCompressZlib:1]]
[2020.01.05-21.09.00:756][  0]LogConfig: Setting CVar [[r.VT.EnableCompressCrunch:0]]
[2020.01.05-21.09.00:756][  0]LogConfig: Setting CVar [[r.ClearCoatNormal:0]]
[2020.01.05-21.09.00:756][  0]LogConfig: Setting CVar [[r.ReflectionCaptureResolution:128]]
[2020.01.05-21.09.00:756][  0]LogConfig: Setting CVar [[r.ReflectionEnvironmentLightmapMixBasedOnRoughness:1]]
[2020.01.05-21.09.00:756][  0]LogConfig: Setting CVar [[r.ForwardShading:0]]
[2020.01.05-21.09.00:756][  0]LogConfig: Setting CVar [[r.VertexFoggingForOpaque:1]]
[2020.01.05-21.09.00:756][  0]LogConfig: Setting CVar [[r.AllowStaticLighting:1]]
[2020.01.05-21.09.00:756][  0]LogConfig: Setting CVar [[r.NormalMapsForStaticLighting:0]]
[2020.01.05-21.09.00:756][  0]LogConfig: Setting CVar [[r.GenerateMeshDistanceFields:0]]
[2020.01.05-21.09.00:756][  0]LogConfig: Setting CVar [[r.DistanceFieldBuild.EightBit:0]]
[2020.01.05-21.09.00:756][  0]LogConfig: Setting CVar [[r.GenerateLandscapeGIData:0]]
[2020.01.05-21.09.00:756][  0]LogConfig: Setting CVar [[r.DistanceFieldBuild.Compress:0]]
[2020.01.05-21.09.00:756][  0]LogConfig: Setting CVar [[r.TessellationAdaptivePixelsPerTriangle:48.000000]]
[2020.01.05-21.09.00:756][  0]LogConfig: Setting CVar [[r.SeparateTranslucency:1]]
[2020.01.05-21.09.00:756][  0]LogConfig: Setting CVar [[r.TranslucentSortPolicy:0]]
[2020.01.05-21.09.00:756][  0]LogConfig: Setting CVar [[r.CustomDepth:1]]
[2020.01.05-21.09.00:756][  0]LogConfig: Setting CVar [[r.CustomDepthTemporalAAJitter:1]]
[2020.01.05-21.09.00:756][  0]LogConfig: Setting CVar [[r.PostProcessing.PropagateAlpha:0]]
[2020.01.05-21.09.00:756][  0]LogConfig: Setting CVar [[r.DefaultFeature.Bloom:1]]
[2020.01.05-21.09.00:756][  0]LogConfig: Setting CVar [[r.DefaultFeature.AmbientOcclusion:1]]
[2020.01.05-21.09.00:756][  0]LogConfig: Setting CVar [[r.DefaultFeature.AmbientOcclusionStaticFraction:1]]
[2020.01.05-21.09.00:756][  0]LogConfig: Setting CVar [[r.DefaultFeature.AutoExposure:1]]
[2020.01.05-21.09.00:756][  0]LogConfig: Setting CVar [[r.DefaultFeature.AutoExposure.Method:0]]
[2020.01.05-21.09.00:756][  0]LogConfig: Setting CVar [[r.DefaultFeature.AutoExposure.ExtendDefaultLuminanceRange:0]]
[2020.01.05-21.09.00:756][  0]LogConfig: Setting CVar [[r.UsePreExposure:1]]
[2020.01.05-21.09.00:756][  0]LogConfig: Setting CVar [[r.EyeAdaptation.EditorOnly:1]]
[2020.01.05-21.09.00:756][  0]LogConfig: Setting CVar [[r.DefaultFeature.MotionBlur:1]]
[2020.01.05-21.09.00:756][  0]LogConfig: Setting CVar [[r.DefaultFeature.LensFlare:0]]
[2020.01.05-21.09.00:756][  0]LogConfig: Setting CVar [[r.TemporalAA.Upsampling:0]]
[2020.01.05-21.09.00:756][  0]LogConfig: Setting CVar [[r.SSGI.Enable:0]]
[2020.01.05-21.09.00:756][  0]LogConfig: Setting CVar [[r.DefaultFeature.AntiAliasing:2]]
[2020.01.05-21.09.00:757][  0]LogConfig: Setting CVar [[r.DefaultFeature.LightUnits:1]]
[2020.01.05-21.09.00:757][  0]LogConfig: Setting CVar [[r.DefaultBackBufferPixelFormat:4]]
[2020.01.05-21.09.00:757][  0]LogConfig: Setting CVar [[r.Shadow.UnbuiltPreviewInGame:1]]
[2020.01.05-21.09.00:757][  0]LogConfig: Setting CVar [[r.StencilForLODDither:0]]
[2020.01.05-21.09.00:757][  0]LogConfig: Setting CVar [[r.EarlyZPass:3]]
[2020.01.05-21.09.00:757][  0]LogConfig: Setting CVar [[r.EarlyZPassOnlyMaterialMasking:0]]
[2020.01.05-21.09.00:757][  0]LogConfig: Setting CVar [[r.DBuffer:1]]
[2020.01.05-21.09.00:757][  0]LogConfig: Setting CVar [[r.ClearSceneMethod:1]]
[2020.01.05-21.09.00:757][  0]LogConfig: Setting CVar [[r.BasePassOutputsVelocity:0]]
[2020.01.05-21.09.00:757][  0]LogConfig: Setting CVar [[r.SelectiveBasePassOutputs:0]]
[2020.01.05-21.09.00:757][  0]LogConfig: Setting CVar [[fx.GPUSimulationTextureSizeX:1024]]
[2020.01.05-21.09.00:757][  0]LogConfig: Setting CVar [[fx.GPUSimulationTextureSizeY:1024]]
[2020.01.05-21.09.00:757][  0]LogConfig: Setting CVar [[r.AllowGlobalClipPlane:0]]
[2020.01.05-21.09.00:757][  0]LogConfig: Setting CVar [[r.GBufferFormat:1]]
[2020.01.05-21.09.00:757][  0]LogConfig: Setting CVar [[r.MorphTarget.Mode:1]]
[2020.01.05-21.09.00:757][  0]LogConfig: Setting CVar [[vr.InstancedStereo:0]]
[2020.01.05-21.09.00:757][  0]LogConfig: Setting CVar [[vr.MultiView:0]]
[2020.01.05-21.09.00:757][  0]LogConfig: Setting CVar [[vr.MobileMultiView:0]]
[2020.01.05-21.09.00:757][  0]LogConfig: Setting CVar [[vr.MobileMultiView.Direct:0]]
[2020.01.05-21.09.00:757][  0]LogConfig: Setting CVar [[vr.RoundRobinOcclusion:0]]
[2020.01.05-21.09.00:757][  0]LogConfig: Setting CVar [[vr.ODSCapture:0]]
[2020.01.05-21.09.00:757][  0]LogConfig: Setting CVar [[r.WireframeCullThreshold:5.000000]]
[2020.01.05-21.09.00:757][  0]LogConfig: Setting CVar [[r.RayTracing:0]]
[2020.01.05-21.09.00:757][  0]LogConfig: Setting CVar [[r.RayTracing.UseTextureLod:0]]
[2020.01.05-21.09.00:757][  0]LogConfig: Setting CVar [[r.SupportStationarySkylight:1]]
[2020.01.05-21.09.00:757][  0]LogConfig: Setting CVar [[r.SupportLowQualityLightmaps:1]]
[2020.01.05-21.09.00:757][  0]LogConfig: Setting CVar [[r.SupportPointLightWholeSceneShadows:1]]
[2020.01.05-21.09.00:757][  0]LogConfig: Setting CVar [[r.SupportAtmosphericFog:1]]
[2020.01.05-21.09.00:757][  0]LogConfig: Setting CVar [[r.SupportSkyAtmosphere:1]]
[2020.01.05-21.09.00:757][  0]LogConfig: Setting CVar [[r.SupportSkyAtmosphereAffectsHeightFog:0]]
[2020.01.05-21.09.00:757][  0]LogConfig: Setting CVar [[r.SkinCache.CompileShaders:0]]
[2020.01.05-21.09.00:757][  0]LogConfig: Setting CVar [[r.Mobile.EnableStaticAndCSMShadowReceivers:1]]
[2020.01.05-21.09.00:757][  0]LogConfig: Setting CVar [[r.Mobile.EnableMovableLightCSMShaderCulling:1]]
[2020.01.05-21.09.00:757][  0]LogConfig: Setting CVar [[r.Mobile.AllowDistanceFieldShadows:1]]
[2020.01.05-21.09.00:757][  0]LogConfig: Setting CVar [[r.Mobile.AllowMovableDirectionalLights:1]]
[2020.01.05-21.09.00:757][  0]LogConfig: Setting CVar [[r.MobileNumDynamicPointLights:4]]
[2020.01.05-21.09.00:757][  0]LogConfig: Setting CVar [[r.MobileDynamicPointLightsUseStaticBranch:1]]
[2020.01.05-21.09.00:757][  0]LogConfig: Setting CVar [[r.Mobile.EnableMovableSpotlights:0]]
[2020.01.05-21.09.00:758][  0]LogConfig: Setting CVar [[r.SkinCache.SceneMemoryLimitInMB:128.000000]]
[2020.01.05-21.09.00:758][  0]LogConfig: Setting CVar [[r.GPUSkin.Limit2BoneInfluences:0]]
[2020.01.05-21.09.00:758][  0]LogConfig: Setting CVar [[r.SupportDepthOnlyIndexBuffers:1]]
[2020.01.05-21.09.00:758][  0]LogConfig: Setting CVar [[r.SupportReversedIndexBuffers:1]]
[2020.01.05-21.09.00:758][  0]LogConfig: Setting CVar [[r.SupportMaterialLayers:0]]
[2020.01.05-21.09.00:758][  0]LogConfig: Setting CVar [[r.LightPropagationVolume:0]]
[2020.01.05-21.09.00:758][  0]LogConfig: Applying CVar settings from Section [/Script/Engine.RendererOverrideSettings] File [C:/Users/proff/Documents/Unreal Projects/FirstW/Saved/Config/Windows/Engine.ini]
[2020.01.05-21.09.00:758][  0]LogConfig: Applying CVar settings from Section [/Script/Engine.StreamingSettings] File [C:/Users/proff/Documents/Unreal Projects/FirstW/Saved/Config/Windows/Engine.ini]
[2020.01.05-21.09.00:758][  0]LogConfig: Setting CVar [[s.MinBulkDataSizeForAsyncLoading:131072]]
[2020.01.05-21.09.00:758][  0]LogConfig: Setting CVar [[s.AsyncLoadingThreadEnabled:0]]
[2020.01.05-21.09.00:758][  0]LogConfig: Setting CVar [[s.EventDrivenLoaderEnabled:1]]
[2020.01.05-21.09.00:758][  0]LogConfig: Setting CVar [[s.WarnIfTimeLimitExceeded:0]]
[2020.01.05-21.09.00:758][  0]LogConfig: Setting CVar [[s.TimeLimitExceededMultiplier:1.5]]
[2020.01.05-21.09.00:758][  0]LogConfig: Setting CVar [[s.TimeLimitExceededMinTime:0.005]]
[2020.01.05-21.09.00:758][  0]LogConfig: Setting CVar [[s.UseBackgroundLevelStreaming:1]]
[2020.01.05-21.09.00:758][  0]LogConfig: Setting CVar [[s.PriorityAsyncLoadingExtraTime:15.0]]
[2020.01.05-21.09.00:758][  0]LogConfig: Setting CVar [[s.LevelStreamingActorsUpdateTimeLimit:5.0]]
[2020.01.05-21.09.00:758][  0]LogConfig: Setting CVar [[s.PriorityLevelStreamingActorsUpdateExtraTime:5.0]]
[2020.01.05-21.09.00:758][  0]LogConfig: Setting CVar [[s.LevelStreamingComponentsRegistrationGranularity:10]]
[2020.01.05-21.09.00:758][  0]LogConfig: Setting CVar [[s.UnregisterComponentsTimeLimit:1.0]]
[2020.01.05-21.09.00:758][  0]LogConfig: Setting CVar [[s.LevelStreamingComponentsUnregistrationGranularity:5]]
[2020.01.05-21.09.00:758][  0]LogConfig: Setting CVar [[s.FlushStreamingOnExit:1]]
[2020.01.05-21.09.00:758][  0]LogConfig: Applying CVar settings from Section [/Script/Engine.GarbageCollectionSettings] File [C:/Users/proff/Documents/Unreal Projects/FirstW/Saved/Config/Windows/Engine.ini]
[2020.01.05-21.09.00:758][  0]LogConfig: Setting CVar [[gc.MaxObjectsNotConsideredByGC:1]]
[2020.01.05-21.09.00:758][  0]LogConfig: Setting CVar [[gc.SizeOfPermanentObjectPool:0]]
[2020.01.05-21.09.00:758][  0]LogConfig: Setting CVar [[gc.FlushStreamingOnGC:0]]
[2020.01.05-21.09.00:758][  0]LogConfig: Setting CVar [[gc.NumRetriesBeforeForcingGC:10]]
[2020.01.05-21.09.00:758][  0]LogConfig: Setting CVar [[gc.AllowParallelGC:1]]
[2020.01.05-21.09.00:758][  0]LogConfig: Setting CVar [[gc.TimeBetweenPurgingPendingKillObjects:61.1]]
[2020.01.05-21.09.00:758][  0]LogConfig: Setting CVar [[gc.MaxObjectsInEditor:25165824]]
[2020.01.05-21.09.00:758][  0]LogConfig: Setting CVar [[gc.IncrementalBeginDestroyEnabled:1]]
[2020.01.05-21.09.00:758][  0]LogConfig: Setting CVar [[gc.CreateGCClusters:1]]
[2020.01.05-21.09.00:758][  0]LogConfig: Setting CVar [[gc.MinGCClusterSize:5]]
[2020.01.05-21.09.00:758][  0]LogConfig: Setting CVar [[gc.ActorClusteringEnabled:0]]
[2020.01.05-21.09.00:758][  0]LogConfig: Setting CVar [[gc.BlueprintClusteringEnabled:0]]
[2020.01.05-21.09.00:758][  0]LogConfig: Setting CVar [[gc.UseDisregardForGCOnDedicatedServers:0]]
[2020.01.05-21.09.00:758][  0]LogConfig: Applying CVar settings from Section [/Script/Engine.NetworkSettings] File [C:/Users/proff/Documents/Unreal Projects/FirstW/Saved/Config/Windows/Engine.ini]
[2020.01.05-21.09.00:758][  0]LogConfig: Applying CVar settings from Section [/Script/UnrealEd.CookerSettings] File [C:/Users/proff/Documents/Unreal Projects/FirstW/Saved/Config/Windows/Engine.ini]
[2020.01.05-21.09.00:763][  0]LogConfig: Applying CVar settings from Section [ViewDistanceQuality@3] File [C:/Users/proff/Documents/Unreal Projects/FirstW/Saved/Config/Windows/Scalability.ini]
[2020.01.05-21.09.00:763][  0]LogConfig: Setting CVar [[r.SkeletalMeshLODBias:0]]
[2020.01.05-21.09.00:763][  0]LogConfig: Setting CVar [[r.ViewDistanceScale:1.0]]
[2020.01.05-21.09.00:763][  0]LogConfig: Applying CVar settings from Section [AntiAliasingQuality@3] File [C:/Users/proff/Documents/Unreal Projects/FirstW/Saved/Config/Windows/Scalability.ini]
[2020.01.05-21.09.00:763][  0]LogConfig: Setting CVar [[r.PostProcessAAQuality:4]]
[2020.01.05-21.09.00:763][  0]LogConfig: Applying CVar settings from Section [ShadowQuality@3] File [C:/Users/proff/Documents/Unreal Projects/FirstW/Saved/Config/Windows/Scalability.ini]
[2020.01.05-21.09.00:763][  0]LogConfig: Setting CVar [[r.LightFunctionQuality:1]]
[2020.01.05-21.09.00:763][  0]LogConfig: Setting CVar [[r.ShadowQuality:5]]
[2020.01.05-21.09.00:763][  0]LogConfig: Setting CVar [[r.Shadow.CSM.MaxCascades:10]]
[2020.01.05-21.09.00:763][  0]LogConfig: Setting CVar [[r.Shadow.MaxResolution:2048]]
[2020.01.05-21.09.00:763][  0]LogConfig: Setting CVar [[r.Shadow.MaxCSMResolution:2048]]
[2020.01.05-21.09.00:763][  0]LogConfig: Setting CVar [[r.Shadow.RadiusThreshold:0.01]]
[2020.01.05-21.09.00:763][  0]LogConfig: Setting CVar [[r.Shadow.DistanceScale:1.0]]
[2020.01.05-21.09.00:763][  0]LogConfig: Setting CVar [[r.Shadow.CSM.TransitionScale:1.0]]
[2020.01.05-21.09.00:763][  0]LogConfig: Setting CVar [[r.Shadow.PreShadowResolutionFactor:1.0]]
[2020.01.05-21.09.00:763][  0]LogConfig: Setting CVar [[r.DistanceFieldShadowing:1]]
[2020.01.05-21.09.00:763][  0]LogConfig: Setting CVar [[r.DistanceFieldAO:1]]
[2020.01.05-21.09.00:763][  0]LogConfig: Setting CVar [[r.AOQuality:2]]
[2020.01.05-21.09.00:763][  0]LogConfig: Setting CVar [[r.VolumetricFog:1]]
[2020.01.05-21.09.00:763][  0]LogConfig: Setting CVar [[r.VolumetricFog.GridPixelSize:8]]
[2020.01.05-21.09.00:763][  0]LogConfig: Setting CVar [[r.VolumetricFog.GridSizeZ:128]]
[2020.01.05-21.09.00:763][  0]LogConfig: Setting CVar [[r.VolumetricFog.HistoryMissSupersampleCount:4]]
[2020.01.05-21.09.00:763][  0]LogConfig: Setting CVar [[r.LightMaxDrawDistanceScale:1]]
[2020.01.05-21.09.00:763][  0]LogConfig: Setting CVar [[r.CapsuleShadows:1]]
[2020.01.05-21.09.00:763][  0]LogConfig: Applying CVar settings from Section [PostProcessQuality@3] File [C:/Users/proff/Documents/Unreal Projects/FirstW/Saved/Config/Windows/Scalability.ini]
[2020.01.05-21.09.00:763][  0]LogConfig: Setting CVar [[r.MotionBlurQuality:4]]
[2020.01.05-21.09.00:763][  0]LogConfig: Setting CVar [[r.AmbientOcclusionMipLevelFactor:0.4]]
[2020.01.05-21.09.00:763][  0]LogConfig: Setting CVar [[r.AmbientOcclusionMaxQuality:100]]
[2020.01.05-21.09.00:763][  0]LogConfig: Setting CVar [[r.AmbientOcclusionLevels:-1]]
[2020.01.05-21.09.00:763][  0]LogConfig: Setting CVar [[r.AmbientOcclusionRadiusScale:1.0]]
[2020.01.05-21.09.00:763][  0]LogConfig: Setting CVar [[r.DepthOfFieldQuality:2]]
[2020.01.05-21.09.00:764][  0]LogConfig: Setting CVar [[r.RenderTargetPoolMin:400]]
[2020.01.05-21.09.00:764][  0]LogConfig: Setting CVar [[r.LensFlareQuality:2]]
[2020.01.05-21.09.00:764][  0]LogConfig: Setting CVar [[r.SceneColorFringeQuality:1]]
[2020.01.05-21.09.00:764][  0]LogConfig: Setting CVar [[r.EyeAdaptationQuality:2]]
[2020.01.05-21.09.00:764][  0]LogConfig: Setting CVar [[r.BloomQuality:5]]
[2020.01.05-21.09.00:764][  0]LogConfig: Setting CVar [[r.FastBlurThreshold:100]]
[2020.01.05-21.09.00:764][  0]LogConfig: Setting CVar [[r.Upscale.Quality:3]]
[2020.01.05-21.09.00:764][  0]LogConfig: Setting CVar [[r.Tonemapper.GrainQuantization:1]]
[2020.01.05-21.09.00:764][  0]LogConfig: Setting CVar [[r.LightShaftQuality:1]]
[2020.01.05-21.09.00:764][  0]LogConfig: Setting CVar [[r.Filter.SizeScale:1]]
[2020.01.05-21.09.00:764][  0]LogConfig: Setting CVar [[r.Tonemapper.Quality:5]]
[2020.01.05-21.09.00:764][  0]LogConfig: Setting CVar [[r.DOF.Gather.AccumulatorQuality:1        ; higher gathering accumulator quality]]
[2020.01.05-21.09.00:764][  0]LogConfig: Setting CVar [[r.DOF.Gather.PostfilterMethod:1          ; Median3x3 postfilering method]]
[2020.01.05-21.09.00:764][  0]LogConfig: Setting CVar [[r.DOF.Gather.EnableBokehSettings:0       ; no bokeh simulation when gathering]]
[2020.01.05-21.09.00:764][  0]LogConfig: Setting CVar [[r.DOF.Gather.RingCount:4                 ; medium number of samples when gathering]]
[2020.01.05-21.09.00:764][  0]LogConfig: Setting CVar [[r.DOF.Scatter.ForegroundCompositing:1    ; additive foreground scattering]]
[2020.01.05-21.09.00:764][  0]LogConfig: Setting CVar [[r.DOF.Scatter.BackgroundCompositing:2    ; additive background scattering]]
[2020.01.05-21.09.00:764][  0]LogConfig: Setting CVar [[r.DOF.Scatter.EnableBokehSettings:1      ; bokeh simulation when scattering]]
[2020.01.05-21.09.00:764][  0]LogConfig: Setting CVar [[r.DOF.Scatter.MaxSpriteRatio:0.1         ; only a maximum of 10% of scattered bokeh]]
[2020.01.05-21.09.00:764][  0]LogConfig: Setting CVar [[r.DOF.Recombine.Quality:1                ; cheap slight out of focus]]
[2020.01.05-21.09.00:764][  0]LogConfig: Setting CVar [[r.DOF.Recombine.EnableBokehSettings:0    ; no bokeh simulation on slight out of focus]]
[2020.01.05-21.09.00:764][  0]LogConfig: Setting CVar [[r.DOF.TemporalAAQuality:1                ; more stable temporal accumulation]]
[2020.01.05-21.09.00:764][  0]LogConfig: Setting CVar [[r.DOF.Kernel.MaxForegroundRadius:0.025]]
[2020.01.05-21.09.00:764][  0]LogConfig: Setting CVar [[r.DOF.Kernel.MaxBackgroundRadius:0.025]]
[2020.01.05-21.09.00:764][  0]LogConfig: Applying CVar settings from Section [TextureQuality@3] File [C:/Users/proff/Documents/Unreal Projects/FirstW/Saved/Config/Windows/Scalability.ini]
[2020.01.05-21.09.00:764][  0]LogConfig: Setting CVar [[r.Streaming.MipBias:0]]
[2020.01.05-21.09.00:764][  0]LogConfig: Setting CVar [[r.Streaming.AmortizeCPUToGPUCopy:0]]
[2020.01.05-21.09.00:764][  0]LogConfig: Setting CVar [[r.Streaming.MaxNumTexturesToStreamPerFrame:0]]
[2020.01.05-21.09.00:764][  0]LogConfig: Setting CVar [[r.Streaming.Boost:1]]
[2020.01.05-21.09.00:764][  0]LogConfig: Setting CVar [[r.MaxAnisotropy:8]]
[2020.01.05-21.09.00:764][  0]LogConfig: Setting CVar [[r.VT.MaxAnisotropy:8]]
[2020.01.05-21.09.00:764][  0]LogConfig: Setting CVar [[r.Streaming.LimitPoolSizeToVRAM:0]]
[2020.01.05-21.09.00:764][  0]LogConfig: Setting CVar [[r.Streaming.PoolSize:1000]]
[2020.01.05-21.09.00:764][  0]LogConfig: Setting CVar [[r.Streaming.MaxEffectiveScreenSize:0]]
[2020.01.05-21.09.00:764][  0]LogConfig: Applying CVar settings from Section [EffectsQuality@3] File [C:/Users/proff/Documents/Unreal Projects/FirstW/Saved/Config/Windows/Scalability.ini]
[2020.01.05-21.09.00:764][  0]LogConfig: Setting CVar [[r.TranslucencyLightingVolumeDim:64]]
[2020.01.05-21.09.00:764][  0]LogConfig: Setting CVar [[r.RefractionQuality:2]]
[2020.01.05-21.09.00:764][  0]LogConfig: Setting CVar [[r.SSR.Quality:3]]
[2020.01.05-21.09.00:764][  0]LogConfig: Setting CVar [[r.SSR.HalfResSceneColor:0]]
[2020.01.05-21.09.00:764][  0]LogConfig: Setting CVar [[r.SceneColorFormat:4]]
[2020.01.05-21.09.00:765][  0]LogConfig: Setting CVar [[r.DetailMode:2]]
[2020.01.05-21.09.00:765][  0]LogConfig: Setting CVar [[r.TranslucencyVolumeBlur:1]]
[2020.01.05-21.09.00:765][  0]LogConfig: Setting CVar [[r.MaterialQualityLevel:1 ; High quality]]
[2020.01.05-21.09.00:765][  0]LogConfig: Setting CVar [[r.SSS.Scale:1]]
[2020.01.05-21.09.00:765][  0]LogConfig: Setting CVar [[r.SSS.SampleSet:2]]
[2020.01.05-21.09.00:765][  0]LogConfig: Setting CVar [[r.SSS.Quality:1]]
[2020.01.05-21.09.00:765][  0]LogConfig: Setting CVar [[r.SSS.HalfRes:1]]
[2020.01.05-21.09.00:765][  0]LogConfig: Setting CVar [[r.SSGI.Quality:3]]
[2020.01.05-21.09.00:765][  0]LogConfig: Setting CVar [[r.EmitterSpawnRateScale:1.0]]
[2020.01.05-21.09.00:765][  0]LogConfig: Setting CVar [[r.ParticleLightQuality:2]]
[2020.01.05-21.09.00:765][  0]LogConfig: Setting CVar [[r.SkyAtmosphere.AerialPerspectiveLUT.FastApplyOnOpaque:1 ; Always have FastSkyLUT 1 in this case to avoid wrong sky]]
[2020.01.05-21.09.00:765][  0]LogConfig: Setting CVar [[r.SkyAtmosphere.AerialPerspectiveLUT.SampleCountPerSlice:1]]
[2020.01.05-21.09.00:765][  0]LogConfig: Setting CVar [[r.SkyAtmosphere.AerialPerspectiveLUT.DepthResolution:16.0]]
[2020.01.05-21.09.00:765][  0]LogConfig: Setting CVar [[r.SkyAtmosphere.FastSkyLUT:1]]
[2020.01.05-21.09.00:765][  0]LogConfig: Setting CVar [[r.SkyAtmosphere.FastSkyLUT.SampleCountMin:4.0]]
[2020.01.05-21.09.00:765][  0]LogConfig: Setting CVar [[r.SkyAtmosphere.FastSkyLUT.SampleCountMax:32.0]]
[2020.01.05-21.09.00:765][  0]LogConfig: Setting CVar [[r.SkyAtmosphere.SampleCountMin:4.0]]
[2020.01.05-21.09.00:765][  0]LogConfig: Setting CVar [[r.SkyAtmosphere.SampleCountMax:32.0]]
[2020.01.05-21.09.00:765][  0]LogConfig: Setting CVar [[r.SkyAtmosphere.TransmittanceLUT.UseSmallFormat:0]]
[2020.01.05-21.09.00:765][  0]LogConfig: Setting CVar [[r.SkyAtmosphere.TransmittanceLUT.SampleCount:10.0]]
[2020.01.05-21.09.00:765][  0]LogConfig: Setting CVar [[r.SkyAtmosphere.MultiScatteringLUT.SampleCount:15.0]]
[2020.01.05-21.09.00:765][  0]LogConfig: Applying CVar settings from Section [FoliageQuality@3] File [C:/Users/proff/Documents/Unreal Projects/FirstW/Saved/Config/Windows/Scalability.ini]
[2020.01.05-21.09.00:765][  0]LogConfig: Setting CVar [[foliage.DensityScale:1.0]]
[2020.01.05-21.09.00:765][  0]LogConfig: Setting CVar [[grass.DensityScale:1.0]]
[2020.01.05-21.09.00:765][  0]LogConfig: Applying CVar settings from Section [ShadingQuality@3] File [C:/Users/proff/Documents/Unreal Projects/FirstW/Saved/Config/Windows/Scalability.ini]
[2020.01.05-21.09.00:765][  0]LogConfig: Setting CVar [[r.HairStrands.SkyLighting.SampleCount:16]]
[2020.01.05-21.09.00:765][  0]LogConfig: Setting CVar [[r.HairStrands.SkyLighting.JitterIntegration:0]]
[2020.01.05-21.09.00:765][  0]LogConfig: Setting CVar [[r.HairStrands.SkyAO.SampleCount:16]]
[2020.01.05-21.09.00:765][  0]LogInit: Selected Device Profile: [Windows]
[2020.01.05-21.09.00:765][  0]LogInit: Applying CVar settings loaded from the selected device profile: [Windows]
[2020.01.05-21.09.00:770][  0]LogHAL: Display: Platform has ~ 8 GB [8507432960 / 8589934592 / 8], which maps to Default [LargestMinGB=32, LargerMinGB=12, DefaultMinGB=8, SmallerMinGB=6, SmallestMinGB=0)
[2020.01.05-21.09.00:770][  0]LogInit: Going up to parent DeviceProfile []
[2020.01.05-21.09.00:770][  0]LogConfig: Applying CVar settings from Section [ViewDistanceQuality@3] File [C:/Users/proff/Documents/Unreal Projects/FirstW/Saved/Config/Windows/Scalability.ini]
[2020.01.05-21.09.00:770][  0]LogConfig: Setting CVar [[r.SkeletalMeshLODBias:0]]
[2020.01.05-21.09.00:770][  0]LogConfig: Setting CVar [[r.ViewDistanceScale:1.0]]
[2020.01.05-21.09.00:770][  0]LogConfig: Applying CVar settings from Section [AntiAliasingQuality@3] File [C:/Users/proff/Documents/Unreal Projects/FirstW/Saved/Config/Windows/Scalability.ini]
[2020.01.05-21.09.00:770][  0]LogConfig: Setting CVar [[r.PostProcessAAQuality:4]]
[2020.01.05-21.09.00:770][  0]LogConfig: Applying CVar settings from Section [ShadowQuality@3] File [C:/Users/proff/Documents/Unreal Projects/FirstW/Saved/Config/Windows/Scalability.ini]
[2020.01.05-21.09.00:770][  0]LogConfig: Setting CVar [[r.LightFunctionQuality:1]]
[2020.01.05-21.09.00:770][  0]LogConfig: Setting CVar [[r.ShadowQuality:5]]
[2020.01.05-21.09.00:770][  0]LogConfig: Setting CVar [[r.Shadow.CSM.MaxCascades:10]]
[2020.01.05-21.09.00:770][  0]LogConfig: Setting CVar [[r.Shadow.MaxResolution:2048]]
[2020.01.05-21.09.00:770][  0]LogConfig: Setting CVar [[r.Shadow.MaxCSMResolution:2048]]
[2020.01.05-21.09.00:770][  0]LogConfig: Setting CVar [[r.Shadow.RadiusThreshold:0.01]]
[2020.01.05-21.09.00:770][  0]LogConfig: Setting CVar [[r.Shadow.DistanceScale:1.0]]
[2020.01.05-21.09.00:770][  0]LogConfig: Setting CVar [[r.Shadow.CSM.TransitionScale:1.0]]
[2020.01.05-21.09.00:770][  0]LogConfig: Setting CVar [[r.Shadow.PreShadowResolutionFactor:1.0]]
[2020.01.05-21.09.00:770][  0]LogConfig: Setting CVar [[r.DistanceFieldShadowing:1]]
[2020.01.05-21.09.00:770][  0]LogConfig: Setting CVar [[r.DistanceFieldAO:1]]
[2020.01.05-21.09.00:770][  0]LogConfig: Setting CVar [[r.AOQuality:2]]
[2020.01.05-21.09.00:770][  0]LogConfig: Setting CVar [[r.VolumetricFog:1]]
[2020.01.05-21.09.00:770][  0]LogConfig: Setting CVar [[r.VolumetricFog.GridPixelSize:8]]
[2020.01.05-21.09.00:770][  0]LogConfig: Setting CVar [[r.VolumetricFog.GridSizeZ:128]]
[2020.01.05-21.09.00:770][  0]LogConfig: Setting CVar [[r.VolumetricFog.HistoryMissSupersampleCount:4]]
[2020.01.05-21.09.00:770][  0]LogConfig: Setting CVar [[r.LightMaxDrawDistanceScale:1]]
[2020.01.05-21.09.00:770][  0]LogConfig: Setting CVar [[r.CapsuleShadows:1]]
[2020.01.05-21.09.00:770][  0]LogConfig: Applying CVar settings from Section [PostProcessQuality@3] File [C:/Users/proff/Documents/Unreal Projects/FirstW/Saved/Config/Windows/Scalability.ini]
[2020.01.05-21.09.00:770][  0]LogConfig: Setting CVar [[r.MotionBlurQuality:4]]
[2020.01.05-21.09.00:770][  0]LogConfig: Setting CVar [[r.AmbientOcclusionMipLevelFactor:0.4]]
[2020.01.05-21.09.00:770][  0]LogConfig: Setting CVar [[r.AmbientOcclusionMaxQuality:100]]
[2020.01.05-21.09.00:770][  0]LogConfig: Setting CVar [[r.AmbientOcclusionLevels:-1]]
[2020.01.05-21.09.00:770][  0]LogConfig: Setting CVar [[r.AmbientOcclusionRadiusScale:1.0]]
[2020.01.05-21.09.00:770][  0]LogConfig: Setting CVar [[r.DepthOfFieldQuality:2]]
[2020.01.05-21.09.00:770][  0]LogConfig: Setting CVar [[r.RenderTargetPoolMin:400]]
[2020.01.05-21.09.00:771][  0]LogConfig: Setting CVar [[r.LensFlareQuality:2]]
[2020.01.05-21.09.00:771][  0]LogConfig: Setting CVar [[r.SceneColorFringeQuality:1]]
[2020.01.05-21.09.00:771][  0]LogConfig: Setting CVar [[r.EyeAdaptationQuality:2]]
[2020.01.05-21.09.00:771][  0]LogConfig: Setting CVar [[r.BloomQuality:5]]
[2020.01.05-21.09.00:771][  0]LogConfig: Setting CVar [[r.FastBlurThreshold:100]]
[2020.01.05-21.09.00:771][  0]LogConfig: Setting CVar [[r.Upscale.Quality:3]]
[2020.01.05-21.09.00:771][  0]LogConfig: Setting CVar [[r.Tonemapper.GrainQuantization:1]]
[2020.01.05-21.09.00:771][  0]LogConfig: Setting CVar [[r.LightShaftQuality:1]]
[2020.01.05-21.09.00:771][  0]LogConfig: Setting CVar [[r.Filter.SizeScale:1]]
[2020.01.05-21.09.00:771][  0]LogConfig: Setting CVar [[r.Tonemapper.Quality:5]]
[2020.01.05-21.09.00:771][  0]LogConfig: Setting CVar [[r.DOF.Gather.AccumulatorQuality:1        ; higher gathering accumulator quality]]
[2020.01.05-21.09.00:771][  0]LogConfig: Setting CVar [[r.DOF.Gather.PostfilterMethod:1          ; Median3x3 postfilering method]]
[2020.01.05-21.09.00:771][  0]LogConfig: Setting CVar [[r.DOF.Gather.EnableBokehSettings:0       ; no bokeh simulation when gathering]]
[2020.01.05-21.09.00:771][  0]LogConfig: Setting CVar [[r.DOF.Gather.RingCount:4                 ; medium number of samples when gathering]]
[2020.01.05-21.09.00:771][  0]LogConfig: Setting CVar [[r.DOF.Scatter.ForegroundCompositing:1    ; additive foreground scattering]]
[2020.01.05-21.09.00:771][  0]LogConfig: Setting CVar [[r.DOF.Scatter.BackgroundCompositing:2    ; additive background scattering]]
[2020.01.05-21.09.00:771][  0]LogConfig: Setting CVar [[r.DOF.Scatter.EnableBokehSettings:1      ; bokeh simulation when scattering]]
[2020.01.05-21.09.00:771][  0]LogConfig: Setting CVar [[r.DOF.Scatter.MaxSpriteRatio:0.1         ; only a maximum of 10% of scattered bokeh]]
[2020.01.05-21.09.00:771][  0]LogConfig: Setting CVar [[r.DOF.Recombine.Quality:1                ; cheap slight out of focus]]
[2020.01.05-21.09.00:771][  0]LogConfig: Setting CVar [[r.DOF.Recombine.EnableBokehSettings:0    ; no bokeh simulation on slight out of focus]]
[2020.01.05-21.09.00:771][  0]LogConfig: Setting CVar [[r.DOF.TemporalAAQuality:1                ; more stable temporal accumulation]]
[2020.01.05-21.09.00:771][  0]LogConfig: Setting CVar [[r.DOF.Kernel.MaxForegroundRadius:0.025]]
[2020.01.05-21.09.00:771][  0]LogConfig: Setting CVar [[r.DOF.Kernel.MaxBackgroundRadius:0.025]]
[2020.01.05-21.09.00:771][  0]LogConfig: Applying CVar settings from Section [TextureQuality@3] File [C:/Users/proff/Documents/Unreal Projects/FirstW/Saved/Config/Windows/Scalability.ini]
[2020.01.05-21.09.00:771][  0]LogConfig: Setting CVar [[r.Streaming.MipBias:0]]
[2020.01.05-21.09.00:771][  0]LogConfig: Setting CVar [[r.Streaming.AmortizeCPUToGPUCopy:0]]
[2020.01.05-21.09.00:771][  0]LogConfig: Setting CVar [[r.Streaming.MaxNumTexturesToStreamPerFrame:0]]
[2020.01.05-21.09.00:771][  0]LogConfig: Setting CVar [[r.Streaming.Boost:1]]
[2020.01.05-21.09.00:771][  0]LogConfig: Setting CVar [[r.MaxAnisotropy:8]]
[2020.01.05-21.09.00:771][  0]LogConfig: Setting CVar [[r.VT.MaxAnisotropy:8]]
[2020.01.05-21.09.00:771][  0]LogConfig: Setting CVar [[r.Streaming.LimitPoolSizeToVRAM:0]]
[2020.01.05-21.09.00:771][  0]LogConfig: Setting CVar [[r.Streaming.PoolSize:1000]]
[2020.01.05-21.09.00:771][  0]LogConfig: Setting CVar [[r.Streaming.MaxEffectiveScreenSize:0]]
[2020.01.05-21.09.00:771][  0]LogConfig: Applying CVar settings from Section [EffectsQuality@3] File [C:/Users/proff/Documents/Unreal Projects/FirstW/Saved/Config/Windows/Scalability.ini]
[2020.01.05-21.09.00:771][  0]LogConfig: Setting CVar [[r.TranslucencyLightingVolumeDim:64]]
[2020.01.05-21.09.00:771][  0]LogConfig: Setting CVar [[r.RefractionQuality:2]]
[2020.01.05-21.09.00:771][  0]LogConfig: Setting CVar [[r.SSR.Quality:3]]
[2020.01.05-21.09.00:771][  0]LogConfig: Setting CVar [[r.SSR.HalfResSceneColor:0]]
[2020.01.05-21.09.00:771][  0]LogConfig: Setting CVar [[r.SceneColorFormat:4]]
[2020.01.05-21.09.00:772][  0]LogConfig: Setting CVar [[r.DetailMode:2]]
[2020.01.05-21.09.00:772][  0]LogConfig: Setting CVar [[r.TranslucencyVolumeBlur:1]]
[2020.01.05-21.09.00:772][  0]LogConfig: Setting CVar [[r.MaterialQualityLevel:1 ; High quality]]
[2020.01.05-21.09.00:772][  0]LogConfig: Setting CVar [[r.SSS.Scale:1]]
[2020.01.05-21.09.00:772][  0]LogConfig: Setting CVar [[r.SSS.SampleSet:2]]
[2020.01.05-21.09.00:772][  0]LogConfig: Setting CVar [[r.SSS.Quality:1]]
[2020.01.05-21.09.00:772][  0]LogConfig: Setting CVar [[r.SSS.HalfRes:1]]
[2020.01.05-21.09.00:772][  0]LogConfig: Setting CVar [[r.SSGI.Quality:3]]
[2020.01.05-21.09.00:772][  0]LogConfig: Setting CVar [[r.EmitterSpawnRateScale:1.0]]
[2020.01.05-21.09.00:772][  0]LogConfig: Setting CVar [[r.ParticleLightQuality:2]]
[2020.01.05-21.09.00:772][  0]LogConfig: Setting CVar [[r.SkyAtmosphere.AerialPerspectiveLUT.FastApplyOnOpaque:1 ; Always have FastSkyLUT 1 in this case to avoid wrong sky]]
[2020.01.05-21.09.00:772][  0]LogConfig: Setting CVar [[r.SkyAtmosphere.AerialPerspectiveLUT.SampleCountPerSlice:1]]
[2020.01.05-21.09.00:772][  0]LogConfig: Setting CVar [[r.SkyAtmosphere.AerialPerspectiveLUT.DepthResolution:16.0]]
[2020.01.05-21.09.00:772][  0]LogConfig: Setting CVar [[r.SkyAtmosphere.FastSkyLUT:1]]
[2020.01.05-21.09.00:772][  0]LogConfig: Setting CVar [[r.SkyAtmosphere.FastSkyLUT.SampleCountMin:4.0]]
[2020.01.05-21.09.00:772][  0]LogConfig: Setting CVar [[r.SkyAtmosphere.FastSkyLUT.SampleCountMax:32.0]]
[2020.01.05-21.09.00:772][  0]LogConfig: Setting CVar [[r.SkyAtmosphere.SampleCountMin:4.0]]
[2020.01.05-21.09.00:772][  0]LogConfig: Setting CVar [[r.SkyAtmosphere.SampleCountMax:32.0]]
[2020.01.05-21.09.00:772][  0]LogConfig: Setting CVar [[r.SkyAtmosphere.TransmittanceLUT.UseSmallFormat:0]]
[2020.01.05-21.09.00:772][  0]LogConfig: Setting CVar [[r.SkyAtmosphere.TransmittanceLUT.SampleCount:10.0]]
[2020.01.05-21.09.00:772][  0]LogConfig: Setting CVar [[r.SkyAtmosphere.MultiScatteringLUT.SampleCount:15.0]]
[2020.01.05-21.09.00:772][  0]LogConfig: Applying CVar settings from Section [FoliageQuality@3] File [C:/Users/proff/Documents/Unreal Projects/FirstW/Saved/Config/Windows/Scalability.ini]
[2020.01.05-21.09.00:772][  0]LogConfig: Setting CVar [[foliage.DensityScale:1.0]]
[2020.01.05-21.09.00:772][  0]LogConfig: Setting CVar [[grass.DensityScale:1.0]]
[2020.01.05-21.09.00:772][  0]LogConfig: Applying CVar settings from Section [ShadingQuality@3] File [C:/Users/proff/Documents/Unreal Projects/FirstW/Saved/Config/Windows/Scalability.ini]
[2020.01.05-21.09.00:772][  0]LogConfig: Setting CVar [[r.HairStrands.SkyLighting.SampleCount:16]]
[2020.01.05-21.09.00:772][  0]LogConfig: Setting CVar [[r.HairStrands.SkyLighting.JitterIntegration:0]]
[2020.01.05-21.09.00:772][  0]LogConfig: Setting CVar [[r.HairStrands.SkyAO.SampleCount:16]]
[2020.01.05-21.09.00:772][  0]LogConfig: Applying CVar settings from Section [Startup] File [../../../Engine/Config/ConsoleVariables.ini]
[2020.01.05-21.09.00:773][  0]LogConfig: Setting CVar [[net.UseAdaptiveNetUpdateFrequency:0]]
[2020.01.05-21.09.00:773][  0]LogConfig: Setting CVar [[p.chaos.AllowCreatePhysxBodies:1]]
[2020.01.05-21.09.00:773][  0]LogConfig: Applying CVar settings from Section [ConsoleVariables] File [C:/Users/proff/Documents/Unreal Projects/FirstW/Saved/Config/Windows/Engine.ini]
[2020.01.05-21.09.00:773][  0]LogInit: Computer: ADMIN
[2020.01.05-21.09.00:773][  0]LogInit: User: proff
[2020.01.05-21.09.00:773][  0]LogInit: CPU Page size=4096, Cores=8
[2020.01.05-21.09.00:773][  0]LogInit: High frequency timer resolution =10.000000 MHz
[2020.01.05-21.09.00:773][  0]LogMemory: Memory total: Physical=7.9GB (8GB approx)
[2020.01.05-21.09.00:773][  0]LogMemory: Platform Memory Stats for Windows
[2020.01.05-21.09.00:773][  0]LogMemory: Process Physical Memory: 106.18 MB used, 106.19 MB peak
[2020.01.05-21.09.00:773][  0]LogMemory: Process Virtual Memory: 102.26 MB used, 102.26 MB peak
[2020.01.05-21.09.00:773][  0]LogMemory: Physical Memory: 4943.10 MB used,  3170.22 MB free, 8113.32 MB total
[2020.01.05-21.09.00:773][  0]LogMemory: Virtual Memory: 5179.27 MB used,  134212552.00 MB free, 134217728.00 MB total
[2020.01.05-21.09.00:778][  0]LogWindows: WindowsPlatformFeatures enabled
[2020.01.05-21.09.00:805][  0]LogInit: Using OS detected language (ru-RU).
[2020.01.05-21.09.00:805][  0]LogInit: Using OS detected locale (ru-RU).
[2020.01.05-21.09.00:807][  0]LogTextLocalizationManager: No specific localization for 'ru-RU' exists, so the 'ru' localization will be used.
[2020.01.05-21.09.00:807][  0]LogTextLocalizationResource: LocRes '../../../Engine/Content/Localization/Editor/ru/Editor.locres' could not be opened for reading!
[2020.01.05-21.09.00:808][  0]LogTextLocalizationResource: LocRes '../../../Engine/Content/Localization/EditorTutorials/ru/EditorTutorials.locres' could not be opened for reading!
[2020.01.05-21.09.00:808][  0]LogTextLocalizationResource: LocRes '../../../Engine/Content/Localization/Keywords/ru/Keywords.locres' could not be opened for reading!
[2020.01.05-21.09.00:808][  0]LogTextLocalizationResource: LocRes '../../../Engine/Content/Localization/Category/ru/Category.locres' could not be opened for reading!
[2020.01.05-21.09.00:808][  0]LogTextLocalizationResource: LocRes '../../../Engine/Content/Localization/ToolTips/ru/ToolTips.locres' could not be opened for reading!
[2020.01.05-21.09.00:808][  0]LogTextLocalizationResource: LocRes '../../../Engine/Content/Localization/PropertyNames/ru/PropertyNames.locres' could not be opened for reading!
[2020.01.05-21.09.00:808][  0]LogTextLocalizationResource: LocRes '../../../Engine/Content/Localization/Engine/ru/Engine.locres' could not be opened for reading!
[2020.01.05-21.09.00:809][  0]LogInit: Setting process to per monitor DPI aware
[2020.01.05-21.09.00:841][  0]LogSlate: New Slate User Created.  User Index 0, Is Virtual User: 0
[2020.01.05-21.09.00:841][  0]LogSlate: Slate User Registered.  User Index 0, Is Virtual User: 0
[2020.01.05-21.09.01:068][  0]LogHMD: Failed to initialize OpenVR with code 110
[2020.01.05-21.09.01:068][  0]LogD3D11RHI: D3D11 min allowed feature level: 11_0
[2020.01.05-21.09.01:068][  0]LogD3D11RHI: D3D11 max allowed feature level: 11_0
[2020.01.05-21.09.01:068][  0]LogD3D11RHI: D3D11 adapters:
[2020.01.05-21.09.01:175][  0]LogD3D11RHI:    0. 'NVIDIA GeForce GTX 960' (Feature Level 11_0)
[2020.01.05-21.09.01:175][  0]LogD3D11RHI:       2007/0/4056 MB DedicatedVideo/DedicatedSystem/SharedSystem, Outputs:1, VendorId:0x10de
[2020.01.05-21.09.01:178][  0]LogD3D11RHI:    1. 'Microsoft Basic Render Driver' (Feature Level 11_0)
[2020.01.05-21.09.01:179][  0]LogD3D11RHI:       0/0/4056 MB DedicatedVideo/DedicatedSystem/SharedSystem, Outputs:0, VendorId:0x1414
[2020.01.05-21.09.01:179][  0]LogD3D11RHI: Chosen D3D11 Adapter: 0
[2020.01.05-21.09.01:187][  0]LogD3D11RHI: Creating new Direct3DDevice
[2020.01.05-21.09.01:187][  0]LogD3D11RHI:     GPU DeviceId: 0x1401 (for the marketing name, search the web for "GPU Device Id")
[2020.01.05-21.09.01:187][  0]LogWindows: EnumDisplayDevices:
[2020.01.05-21.09.01:188][  0]LogWindows:    0. 'NVIDIA GeForce GTX 960' (P:1 D:1)
[2020.01.05-21.09.01:188][  0]LogWindows:    1. 'NVIDIA GeForce GTX 960' (P:0 D:0)
[2020.01.05-21.09.01:189][  0]LogWindows:    2. 'NVIDIA GeForce GTX 960' (P:0 D:0)
[2020.01.05-21.09.01:190][  0]LogWindows:    3. 'NVIDIA GeForce GTX 960' (P:0 D:0)
[2020.01.05-21.09.01:190][  0]LogWindows: DebugString: FoundDriverCount:4 
[2020.01.05-21.09.01:190][  0]LogD3D11RHI:     Adapter Name: NVIDIA GeForce GTX 960
[2020.01.05-21.09.01:190][  0]LogD3D11RHI:   Driver Version: 436.48 (internal:26.21.14.3648, unified:436.48)
[2020.01.05-21.09.01:190][  0]LogD3D11RHI:      Driver Date: 9-26-2019
[2020.01.05-21.09.01:190][  0]LogRHI: Texture pool is 1405 MB (70% of 2007 MB)
[2020.01.05-21.09.01:262][  0]LogD3D11RHI: RHI has support for 64 bit atomics
[2020.01.05-21.09.01:262][  0]LogD3D11RHI: Async texture creation enabled
[2020.01.05-21.09.01:278][  0]LogD3D11RHI: GPU Timing Frequency: 1000.000000 (Debug: 2 1)
[2020.01.05-21.09.01:779][  0]LogTargetPlatformManager: Display: Loaded TargetPlatform 'AllDesktop'
[2020.01.05-21.09.01:822][  0]LogTargetPlatformManager: Display: Loaded TargetPlatform 'Android'
[2020.01.05-21.09.01:822][  0]LogTargetPlatformManager: Display: Loaded TargetPlatform 'Android_ASTC'
[2020.01.05-21.09.01:822][  0]LogTargetPlatformManager: Display: Loaded TargetPlatform 'Android_ATC'
[2020.01.05-21.09.01:822][  0]LogTargetPlatformManager: Display: Loaded TargetPlatform 'Android_DXT'
[2020.01.05-21.09.01:822][  0]LogTargetPlatformManager: Display: Loaded TargetPlatform 'Android_ETC1'
[2020.01.05-21.09.01:822][  0]LogTargetPlatformManager: Display: Loaded TargetPlatform 'Android_ETC1a'
[2020.01.05-21.09.01:822][  0]LogTargetPlatformManager: Display: Loaded TargetPlatform 'Android_ETC2'
[2020.01.05-21.09.01:822][  0]LogTargetPlatformManager: Display: Loaded TargetPlatform 'Android_PVRTC'
[2020.01.05-21.09.01:822][  0]LogTargetPlatformManager: Display: Loaded TargetPlatform 'AndroidClient'
[2020.01.05-21.09.01:822][  0]LogTargetPlatformManager: Display: Loaded TargetPlatform 'Android_ASTCClient'
[2020.01.05-21.09.01:822][  0]LogTargetPlatformManager: Display: Loaded TargetPlatform 'Android_ATCClient'
[2020.01.05-21.09.01:822][  0]LogTargetPlatformManager: Display: Loaded TargetPlatform 'Android_DXTClient'
[2020.01.05-21.09.01:822][  0]LogTargetPlatformManager: Display: Loaded TargetPlatform 'Android_ETC1Client'
[2020.01.05-21.09.01:822][  0]LogTargetPlatformManager: Display: Loaded TargetPlatform 'Android_ETC1aClient'
[2020.01.05-21.09.01:822][  0]LogTargetPlatformManager: Display: Loaded TargetPlatform 'Android_ETC2Client'
[2020.01.05-21.09.01:822][  0]LogTargetPlatformManager: Display: Loaded TargetPlatform 'Android_PVRTCClient'
[2020.01.05-21.09.01:822][  0]LogTargetPlatformManager: Display: Loaded TargetPlatform 'Android_Multi'
[2020.01.05-21.09.01:822][  0]LogTargetPlatformManager: Display: Loaded TargetPlatform 'Android_MultiClient'
[2020.01.05-21.09.01:849][  0]LogTargetPlatformManager: Display: Loaded TargetPlatform 'IOSClient'
[2020.01.05-21.09.01:849][  0]LogTargetPlatformManager: Display: Loaded TargetPlatform 'IOS'
[2020.01.05-21.09.01:860][  0]LogTargetPlatformManager: Display: Loaded TargetPlatform 'LinuxNoEditor'
[2020.01.05-21.09.01:871][  0]LogTargetPlatformManager: Display: Loaded TargetPlatform 'LinuxClient'
[2020.01.05-21.09.01:881][  0]LogTargetPlatformManager: Display: Loaded TargetPlatform 'LinuxServer'
[2020.01.05-21.09.01:892][  0]LogTargetPlatformManager: Display: Loaded TargetPlatform 'LinuxAArch64NoEditor'
[2020.01.05-21.09.01:902][  0]LogTargetPlatformManager: Display: Loaded TargetPlatform 'LinuxAArch64Client'
[2020.01.05-21.09.01:913][  0]LogTargetPlatformManager: Display: Loaded TargetPlatform 'LinuxAArch64Server'
[2020.01.05-21.09.01:950][  0]LogTargetPlatformManager: Display: Loaded TargetPlatform 'Lumin'
[2020.01.05-21.09.01:951][  0]LogTargetPlatformManager: Display: Loaded TargetPlatform 'LuminClient'
[2020.01.05-21.09.01:972][  0]LogTargetPlatformManager: Display: Loaded TargetPlatform 'TVOSClient'
[2020.01.05-21.09.01:972][  0]LogTargetPlatformManager: Display: Loaded TargetPlatform 'TVOS'
[2020.01.05-21.09.01:984][  0]LogTargetPlatformManager: Display: Loaded TargetPlatform 'WindowsNoEditor'
[2020.01.05-21.09.01:995][  0]LogTargetPlatformManager: Display: Loaded TargetPlatform 'Windows'
[2020.01.05-21.09.02:006][  0]LogTargetPlatformManager: Display: Loaded TargetPlatform 'WindowsClient'
[2020.01.05-21.09.02:016][  0]LogTargetPlatformManager: Display: Loaded TargetPlatform 'WindowsServer'
[2020.01.05-21.09.02:017][  0]LogTargetPlatformManager: Display: Building Assets For Windows
[2020.01.05-21.09.02:020][  0]LogAudioDebug: Display: Lib vorbis DLL was dynamically loaded.
[2020.01.05-21.09.02:048][  0]LogShaderCompilers: Guid format shader working directory is -2 characters bigger than the processId version (C:/Users/proff/Documents/Unreal Projects/FirstW/Intermediate/Shaders/WorkingDirectory/13496/).
[2020.01.05-21.09.02:049][  0]LogShaderCompilers: Cleaned the shader compiler working directory 'C:/Users/proff/AppData/Local/Temp/UnrealShaderWorkingDir/1435E5B24AE9CE92380E6AB14E1D54AC/'.
[2020.01.05-21.09.02:049][  0]LogXGEController: Cleaning working directory: C:/Users/proff/AppData/Local/Temp/UnrealXGEWorkingDir/
[2020.01.05-21.09.02:050][  0]LogXGEController: Cannot use XGE Controller as Incredibuild is not installed on this machine.
[2020.01.05-21.09.02:050][  0]LogShaderCompilers: Cannot use XGE Shader Compiler as Incredibuild is not installed on this machine.
[2020.01.05-21.09.02:050][  0]LogShaderCompilers: Display: Using Local Shader Compiler.
[2020.01.05-21.09.03:180][  0]LogDerivedDataCache: Display: Max Cache Size: 512 MB
[2020.01.05-21.09.03:269][  0]LogDerivedDataCache: Loaded boot cache 0.09s 78MB C:/Users/proff/AppData/Local/UnrealEngine/4.24/DerivedDataCache/Boot.ddc.
[2020.01.05-21.09.03:269][  0]LogDerivedDataCache: Display: Loaded Boot cache: C:/Users/proff/AppData/Local/UnrealEngine/4.24/DerivedDataCache/Boot.ddc
[2020.01.05-21.09.03:269][  0]LogDerivedDataCache: FDerivedDataBackendGraph:  Pak pak cache file C:/Users/proff/Documents/Unreal Projects/FirstW/DerivedDataCache/DDC.ddp not found, will not use a pak cache.
[2020.01.05-21.09.03:269][  0]LogDerivedDataCache: Unable to find inner node Pak for hierarchical cache Hierarchy.
[2020.01.05-21.09.03:269][  0]LogDerivedDataCache: FDerivedDataBackendGraph:  CompressedPak pak cache file C:/Users/proff/Documents/Unreal Projects/FirstW/DerivedDataCache/Compressed.ddp not found, will not use a pak cache.
[2020.01.05-21.09.03:269][  0]LogDerivedDataCache: Unable to find inner node CompressedPak for hierarchical cache Hierarchy.
[2020.01.05-21.09.03:285][  0]LogDerivedDataCache: Display: Pak cache opened for reading ../../../Engine/DerivedDataCache/Compressed.ddp.
[2020.01.05-21.09.03:285][  0]LogDerivedDataCache: FDerivedDataBackendGraph:  EnterprisePak pak cache file ../../../Enterprise/DerivedDataCache/Compressed.ddp not found, will not use a pak cache.
[2020.01.05-21.09.03:285][  0]LogDerivedDataCache: Unable to find inner node EnterprisePak for hierarchical cache Hierarchy.
[2020.01.05-21.09.03:287][  0]LogDerivedDataCache: Using Local data cache path C:/Users/proff/AppData/Local/UnrealEngine/Common/DerivedDataCache: Writable
[2020.01.05-21.09.03:287][  0]LogDerivedDataCache: Shared data cache path not found in *engine.ini, will not use an Shared cache.
[2020.01.05-21.09.03:287][  0]LogDerivedDataCache: Unable to find inner node Shared for hierarchical cache Hierarchy.
[2020.01.05-21.09.03:326][  0]LogMaterial: Verifying Global Shaders for PCD3D_SM5
[2020.01.05-21.09.03:330][  0]LogSlate: Using FreeType 2.10.0
[2020.01.05-21.09.03:331][  0]LogSlate: SlateFontServices - WITH_FREETYPE: 1, WITH_HARFBUZZ: 1
[2020.01.05-21.09.03:412][  0]LogAssetRegistry: FAssetRegistry took 0.0035 seconds to start up
[2020.01.05-21.09.03:870][  0]LogInit: Selected Device Profile: [Windows]
[2020.01.05-21.09.04:112][  0]LogMeshReduction: Using QuadricMeshReduction for automatic static mesh reduction
[2020.01.05-21.09.04:112][  0]LogMeshReduction: Using SimplygonMeshReduction for automatic skeletal mesh reduction
[2020.01.05-21.09.04:112][  0]LogMeshReduction: Using ProxyLODMeshReduction for automatic mesh merging
[2020.01.05-21.09.04:112][  0]LogMeshReduction: No distributed automatic mesh merging module available
[2020.01.05-21.09.04:112][  0]LogMeshMerging: No distributed automatic mesh merging module available
[2020.01.05-21.09.04:129][  0]LogNetVersion: FirstW 1.0.0, NetCL: 10570792, EngineNetVer: 13, GameNetVer: 0 (Checksum: 2856497871)
[2020.01.05-21.09.05:668][  0]LogPackageLocalizationCache: Processed 10 localized package path(s) for 1 prioritized culture(s) in 0.039757 seconds
[2020.01.05-21.09.05:675][  0]LogUObjectArray: 46750 objects as part of root set at end of initial load.
[2020.01.05-21.09.05:676][  0]LogUObjectAllocator: 8137160 out of 0 bytes used by permanent object pool.
[2020.01.05-21.09.05:676][  0]LogUObjectArray: CloseDisregardForGC: 0/0 objects in disregard for GC pool
[2020.01.05-21.09.06:220][  0]LogTcpMessaging: Initializing TcpMessaging bridge
[2020.01.05-21.09.06:223][  0]LogUdpMessaging: Initializing bridge on interface 0.0.0.0:0 to multicast group 230.0.0.1:6666.
[2020.01.05-21.09.06:287][  0]SourceControl: Source control is disabled
[2020.01.05-21.09.06:937][  0]LogAndroidPermission: UAndroidPermissionCallbackProxy::GetInstance
[2020.01.05-21.09.06:952][  0]LogAudioCaptureCore: Display: No Audio Capture implementations found. Audio input will be silent.
[2020.01.05-21.09.06:952][  0]LogAudioCaptureCore: Display: No Audio Capture implementations found. Audio input will be silent.
[2020.01.05-21.09.07:080][  0]LogOcInput: OculusInput pre-init called
[2020.01.05-21.09.07:091][  0]LogWindows: Failed to load 'OVRPlugin.dll' (GetLastError=126)
[2020.01.05-21.09.07:091][  0]LogWindows: File 'OVRPlugin.dll' does not exist
[2020.01.05-21.09.07:188][  0]LogEngine: Initializing Engine...
[2020.01.05-21.09.07:189][  0]LogHMD: Failed to initialize OpenVR with code 110
[2020.01.05-21.09.07:191][  0]LogStats: UGameplayTagsManager::InitializeManager -  0.000 s
[2020.01.05-21.09.07:700][  0]LogInit: Initializing FReadOnlyCVARCache
[2020.01.05-21.09.07:711][  0]LogAIModule: Creating AISystem for world Untitled
[2020.01.05-21.09.07:730][  0]LogAudioMixer: Display: Audio Mixer Platform Settings:
[2020.01.05-21.09.07:730][  0]LogAudioMixer: Display: 	Sample Rate:						  48000
[2020.01.05-21.09.07:730][  0]LogAudioMixer: Display: 	Callback Buffer Frame Size Requested: 1024
[2020.01.05-21.09.07:730][  0]LogAudioMixer: Display: 	Callback Buffer Frame Size To Use:	  1024
[2020.01.05-21.09.07:730][  0]LogAudioMixer: Display: 	Number of buffers to queue:			  2
[2020.01.05-21.09.07:730][  0]LogAudioMixer: Display: 	Max Channels (voices):				  32
[2020.01.05-21.09.07:730][  0]LogAudioMixer: Display: 	Number of Async Source Workers:		  0
[2020.01.05-21.09.07:730][  0]LogAudio: Display: AudioDevice MaxSources: 32
[2020.01.05-21.09.07:731][  0]LogAudio: Display: Using built-in audio occlusion.
[2020.01.05-21.09.07:731][  0]LogAudioMixer: Display: Initializing audio mixer.
[2020.01.05-21.09.07:801][  0]LogAudioMixer: Display: Audio Device Output Speaker Info:
[2020.01.05-21.09.07:801][  0]LogAudioMixer: Display: Name: Динамики (High Definition Audio Device)
[2020.01.05-21.09.07:801][  0]LogAudioMixer: Display: Is Default: Yes
[2020.01.05-21.09.07:801][  0]LogAudioMixer: Display: Sample Rate: 48000
[2020.01.05-21.09.07:801][  0]LogAudioMixer: Display: Channel Count Used: 2
[2020.01.05-21.09.07:801][  0]LogAudioMixer: Display: Device Channel Count: 2
[2020.01.05-21.09.07:801][  0]LogAudioMixer: Display: Channel Order:
[2020.01.05-21.09.07:801][  0]LogAudioMixer: Display: 0: FrontLeft
[2020.01.05-21.09.07:801][  0]LogAudioMixer: Display: 1: FrontRight
[2020.01.05-21.09.07:841][  0]LogAudioMixer: Display: Using Audio Device Динамики (High Definition Audio Device)
[2020.01.05-21.09.07:852][  0]LogInit: FAudioDevice initialized.
[2020.01.05-21.09.07:852][  0]LogNetVersion: Set ProjectVersion to 1.0.0.0. Version Checksum will be recalculated on next use.
[2020.01.05-21.09.08:119][  0]LogDerivedDataCache: Saved boot cache 0.27s 78MB C:/Users/proff/AppData/Local/UnrealEngine/4.24/DerivedDataCache/Boot.ddc.
[2020.01.05-21.09.08:120][  0]LogInit: Texture streaming: Enabled
[2020.01.05-21.09.08:132][  0]LogEngineSessionManager: EngineSessionManager initialized
[2020.01.05-21.09.08:132][  0]LogEditorSessionSummary: Verbose: Initializing EditorSessionSummaryWriter for editor session tracking
[2020.01.05-21.09.08:136][  0]LogEditorSessionSummary: EditorSessionSummaryWriter initialized
[2020.01.05-21.09.08:179][  0]LogInit: Transaction tracking system initialized
[2020.01.05-21.09.08:192][  0]BlueprintLog: New page: Editor Load
[2020.01.05-21.09.08:235][  0]LocalizationService: Localization service is disabled
[2020.01.05-21.09.08:586][  0]LogCook: Display: Max memory allowance for cook 16384mb min free memory 0mb
[2020.01.05-21.09.08:586][  0]LogCook: Display: Mobile HDR setting 1
[2020.01.05-21.09.08:680][  0]LogFileCache: Scanning file cache for directory 'C:/Users/proff/Documents/Unreal Projects/FirstW/Content/' took 0.01s
[2020.01.05-21.09.09:570][  0]Cmd: MAP LOAD FILE="C:/Users/proff/Documents/Unreal Projects/FirstW/Content/2DSideScrollerBP/Maps/2DSideScrollerExampleMap.umap" TEMPLATE=0 SHOWPROGRESS=1 FEATURELEVEL=3
[2020.01.05-21.09.09:571][  0]LightingResults: New page: Lighting Build
[2020.01.05-21.09.09:571][  0]LogWorld: UWorld::CleanupWorld for Untitled, bSessionEnded=true, bCleanupResources=true
[2020.01.05-21.09.09:571][  0]LogSlate: InvalidateAllWidgets triggered.  All widgets were invalidated
[2020.01.05-21.09.09:572][  0]MapCheck: New page: Map Check
[2020.01.05-21.09.09:572][  0]LightingResults: New page: Lighting Build
[2020.01.05-21.09.09:618][  0]LogUObjectHash: Compacting FUObjectHashTables data took   2.69ms
[2020.01.05-21.09.09:783][  0]LogAIModule: Creating AISystem for world 2DSideScrollerExampleMap
[2020.01.05-21.09.09:788][  0]LogEditorServer: Finished looking for orphan Actors (0.000 secs)
[2020.01.05-21.09.09:837][  0]LogUObjectHash: Compacting FUObjectHashTables data took   3.49ms
[2020.01.05-21.09.09:837][  0]Cmd: MAP CHECKDEP NOCLEARLOG
[2020.01.05-21.09.09:838][  0]MapCheck: Map check complete: 0 Error(s), 0 Warning(s), took 0,342ms to complete.
[2020.01.05-21.09.09:838][  0]LogFileHelpers: Loading map '2DSideScrollerExampleMap' took 0.268
[2020.01.05-21.09.10:009][  0]LogSlate: Updating window title bar state: overlay mode, drag disabled, window buttons hidden, title bar hidden
[2020.01.05-21.09.10:019][  0]LogSlate: Updating window title bar state: overlay mode, drag disabled, window buttons hidden, title bar hidden
[2020.01.05-21.09.10:030][  0]LogSlate: Updating window title bar state: overlay mode, drag disabled, window buttons hidden, title bar hidden
[2020.01.05-21.09.10:040][  0]LogSlate: Updating window title bar state: overlay mode, drag disabled, window buttons hidden, title bar hidden
[2020.01.05-21.09.10:051][  0]LogCollectionManager: Loaded 0 collections in 0.006137 seconds
[2020.01.05-21.09.10:073][  0]LogFileCache: Scanning file cache for directory 'C:/Users/proff/Documents/Unreal Projects/FirstW/Saved/Collections/' took 0.00s
[2020.01.05-21.09.10:073][  0]LogFileCache: Scanning file cache for directory 'C:/Users/proff/Documents/Unreal Projects/FirstW/Content/Developers/proff/Collections/' took 0.00s
[2020.01.05-21.09.10:073][  0]LogFileCache: Scanning file cache for directory 'C:/Users/proff/Documents/Unreal Projects/FirstW/Content/Collections/' took 0.00s
[2020.01.05-21.09.10:073][  0]LogContentBrowser: Native class hierarchy populated in 0.0154 seconds. Added 3015 classes and 717 folders.
[2020.01.05-21.09.10:076][  0]LogContentBrowser: Native class hierarchy updated for 'WidgetCarousel' in 0.0003 seconds. Added 0 classes and 0 folders.
[2020.01.05-21.09.10:204][  0]LogContentBrowser: Native class hierarchy updated for 'AddContentDialog' in 0.0003 seconds. Added 0 classes and 0 folders.
[2020.01.05-21.09.10:209][  0]LogContentBrowser: Native class hierarchy updated for 'SceneOutliner' in 0.0003 seconds. Added 2 classes and 3 folders.
[2020.01.05-21.09.10:342][  0]LogSlate: Took 0.000259 seconds to synchronously load lazily loaded font '../../../Engine/Content/Slate/Fonts/Roboto-Regular.ttf' (155K)
[2020.01.05-21.09.10:344][  0]LogSlate: Took 0.000227 seconds to synchronously load lazily loaded font '../../../Engine/Content/Slate/Fonts/Roboto-Bold.ttf' (160K)
[2020.01.05-21.09.10:351][  0]LogSlate: Took 0.000189 seconds to synchronously load lazily loaded font '../../../Engine/Content/Editor/Slate/Fonts/FontAwesome.ttf' (139K)
[2020.01.05-21.09.10:457][  0]LogRenderer: Reallocating scene render targets to support 804x340 Format 10 NumSamples 1 (Frame:1).
[2020.01.05-21.09.10:573][  0]LogContentBrowser: Native class hierarchy updated for 'HierarchicalLODOutliner' in 0.0004 seconds. Added 0 classes and 0 folders.
[2020.01.05-21.09.10:573][  0]LogLoad: (Engine Initialization) Total time: 13.31 seconds
[2020.01.05-21.09.10:573][  0]LogLoad: (Engine Initialization) Total Blueprint compile time: 0.00 seconds
[2020.01.05-21.09.10:637][  0]LogContentStreaming: Texture pool size now 1000 MB
[2020.01.05-21.09.10:669][  0]LogSlate: Took 0.000208 seconds to synchronously load lazily loaded font '../../../Engine/Content/Slate/Fonts/Roboto-Light.ttf' (167K)
[2020.01.05-21.09.10:699][  1]LogAssetRegistry: Asset discovery search completed in 7.2879 seconds
[2020.01.05-21.09.10:704][  1]LogCollectionManager: Fixed up redirectors for 0 collections in 0.000011 seconds (updated 0 objects)
[2020.01.05-21.09.23:981][173]LogSlate: Window 'Source Control Login' being destroyed
[2020.01.05-21.21.44:285][270]LogWindowsTextInputMethodSystem: Display: IME system now deactivated.
[2020.01.05-21.21.44:285][270]LogWindowsTextInputMethodSystem: Display: IME system now deactivated.
[2020.01.05-21.22.25:460][737]LogSlate: Took 0.000235 seconds to synchronously load lazily loaded font '../../../Engine/Content/Slate/Fonts/Roboto-Light.ttf' (167K)
[2020.01.05-21.22.25:535][737]LogUObjectHash: Compacting FUObjectHashTables data took   2.43ms
[2020.01.05-21.22.25:723][737]LogSavePackage: Moving 'C:/Users/proff/Documents/Unreal Projects/FirstW/Saved/2DSideScrollerExampleMapCB6D5E044474DF5E326A35A9444126C5.tmp' to 'C:/Users/proff/Documents/Unreal Projects/FirstW/Content/2DSideScrollerBP/Maps/2DSideScrollerExampleMap.umap'
[2020.01.05-21.22.25:866][737]LogSavePackage: Moving 'C:/Users/proff/Documents/Unreal Projects/FirstW/Saved/2DSideScrollerExampleMap_BuiltDa7D80E39C411B18E4417E968F962ACE49.tmp' to 'C:/Users/proff/Documents/Unreal Projects/FirstW/Content/2DSideScrollerBP/Maps/2DSideScrollerExampleMap_BuiltData.uasset'
[2020.01.05-21.22.25:884][737]AssetCheck: New page: Asset Save: multiple assets
[2020.01.05-21.22.25:884][737]LogContentValidation: Display: Validating World /Game/2DSideScrollerBP/Maps/2DSideScrollerExampleMap.2DSideScrollerExampleMap
[2020.01.05-21.22.25:884][737]LogContentValidation: Display: Validating MapBuildDataRegistry /Game/2DSideScrollerBP/Maps/2DSideScrollerExampleMap_BuiltData.2DSideScrollerExampleMap_BuiltData
[2020.01.05-21.27.52:153][870]LogWindowsTextInputMethodSystem: Display: IME system now deactivated.
[2020.01.05-21.27.52:153][870]LogWindowsTextInputMethodSystem: Display: IME system now deactivated.
[2020.01.05-21.28.01:606][709]SourceControl: fatal: F:/UE/UE_4.24/Engine/Content: 'F:/UE/UE_4.24/Engine/Content' is outside repository
[2020.01.05-21.28.16:121][709]LogSourceControl: Writed 'C:/Users/proff/Documents/Unreal Projects/FirstW/Saved/Diff/temp-8b982eecfa4818b6fe6400b2660e015727d8ddd5-2DSideScrollerCharacter.uasset' (216410o)
[2020.01.05-21.28.23:554][709]LogSlate: Took 0.000334 seconds to synchronously load lazily loaded font '../../../Engine/Content/Slate/Fonts/Roboto-BoldCondensed.ttf' (158K)
[2020.01.05-21.28.23:772][709]LogSlate: Took 0.000284 seconds to synchronously load lazily loaded font '../../../Engine/Content/Slate/Fonts/Roboto-Italic.ttf' (157K)
[2020.01.05-21.29.03:841][709]LogSlate: Window '2DSideScrollerCharacter - Blueprint Diff' being destroyed
[2020.01.05-21.29.33:509][709]LogWindowsTextInputMethodSystem: Display: IME system now deactivated.
[2020.01.05-21.29.33:509][709]LogWindowsTextInputMethodSystem: Display: IME system now deactivated.
[2020.01.05-21.30.44:101][709]LogSlate: Window 'Submit Files' being destroyed
